Determining if the pthread_create exist failed with the following output:
Change Dir: /home/andrey/dev/gooleMock/temp/CMakeFiles/CMakeTmp

Run Build Command:"/usr/bin/make" "cmTC_4c85e/fast"
/usr/bin/make -f CMakeFiles/cmTC_4c85e.dir/build.make CMakeFiles/cmTC_4c85e.dir/build
make[1]: вход в каталог «/home/andrey/dev/gooleMock/temp/CMakeFiles/CMakeTmp»
Building C object CMakeFiles/cmTC_4c85e.dir/CheckSymbolExists.c.o
/usr/bin/cc     -o CMakeFiles/cmTC_4c85e.dir/CheckSymbolExists.c.o   -c /home/andrey/dev/gooleMock/temp/CMakeFiles/CMakeTmp/CheckSymbolExists.c
Linking C executable cmTC_4c85e
/usr/bin/cmake -E cmake_link_script CMakeFiles/cmTC_4c85e.dir/link.txt --verbose=1
/usr/bin/cc       CMakeFiles/cmTC_4c85e.dir/CheckSymbolExists.c.o  -o cmTC_4c85e -rdynamic 
CMakeFiles/cmTC_4c85e.dir/CheckSymbolExists.c.o: In function `main':
CheckSymbolExists.c:(.text+0x16): undefined reference to `pthread_create'
collect2: error: ld returned 1 exit status
CMakeFiles/cmTC_4c85e.dir/build.make:97: ошибка выполнения рецепта для цели «cmTC_4c85e»
make[1]: *** [cmTC_4c85e] Ошибка 1
make[1]: выход из каталога «/home/andrey/dev/gooleMock/temp/CMakeFiles/CMakeTmp»
Makefile:126: ошибка выполнения рецепта для цели «cmTC_4c85e/fast»
make: *** [cmTC_4c85e/fast] Ошибка 2

File /home/andrey/dev/gooleMock/temp/CMakeFiles/CMakeTmp/CheckSymbolExists.c:
/* */
#include <pthread.h>

int main(int argc, char** argv)
{
  (void)argv;
#ifndef pthread_create
  return ((int*)(&pthread_create))[argc];
#else
  (void)argc;
  return 0;
#endif
}

Determining if the function pthread_create exists in the pthreads failed with the following output:
Change Dir: /home/andrey/dev/gooleMock/temp/CMakeFiles/CMakeTmp

Run Build Command:"/usr/bin/make" "cmTC_52ac7/fast"
/usr/bin/make -f CMakeFiles/cmTC_52ac7.dir/build.make CMakeFiles/cmTC_52ac7.dir/build
make[1]: вход в каталог «/home/andrey/dev/gooleMock/temp/CMakeFiles/CMakeTmp»
Building C object CMakeFiles/cmTC_52ac7.dir/CheckFunctionExists.c.o
/usr/bin/cc    -DCHECK_FUNCTION_EXISTS=pthread_create   -o CMakeFiles/cmTC_52ac7.dir/CheckFunctionExists.c.o   -c /usr/share/cmake-3.5/Modules/CheckFunctionExists.c
Linking C executable cmTC_52ac7
/usr/bin/cmake -E cmake_link_script CMakeFiles/cmTC_52ac7.dir/link.txt --verbose=1
/usr/bin/cc   -DCHECK_FUNCTION_EXISTS=pthread_create    CMakeFiles/cmTC_52ac7.dir/CheckFunctionExists.c.o  -o cmTC_52ac7 -rdynamic -lpthreads 
/usr/bin/ld: cannot find -lpthreads
collect2: error: ld returned 1 exit status
CMakeFiles/cmTC_52ac7.dir/build.make:97: ошибка выполнения рецепта для цели «cmTC_52ac7»
make[1]: *** [cmTC_52ac7] Ошибка 1
make[1]: выход из каталога «/home/andrey/dev/gooleMock/temp/CMakeFiles/CMakeTmp»
Makefile:126: ошибка выполнения рецепта для цели «cmTC_52ac7/fast»
make: *** [cmTC_52ac7/fast] Ошибка 2


